<?xml version="1.0" encoding="UTF-8"?>
<!-- Generated by org.testng.reporters.JUnitReportReporter -->
<testsuite hostname="CBT-LAB-005" name="qsp.DemoA" tests="1" failures="0" timestamp="3 Feb 2018 10:26:57 GMT" time="4.043" errors="0">
  <testcase name="testA" time="4.043" classname="qsp.DemoA"/>
</testsuite> <!-- qsp.DemoA -->
